<?xml version="1.0" encoding="UTF-8"?>
<!-- Generated by org.testng.reporters.JUnitReportReporter -->
<testsuite skipped="0" hostname="WGC100CPHRQC2" name="sample.TestNgClass1" tests="2" failures="0" timestamp="8 Nov 2017 08:26:09 GMT" time="0.014" errors="0">
  <testcase name="sub" time="0.013" classname="sample.TestNgClass1"/>
  <testcase name="addition" time="0.001" classname="sample.TestNgClass1"/>
</testsuite> <!-- sample.TestNgClass1 -->
