<?xml version="1.0" encoding="UTF-8"?>
<!-- Generated by org.testng.reporters.JUnitReportReporter -->
<testsuite skipped="0" hostname="WGC100CPHRQC2" name="sample.TestNGClass2" tests="1" failures="0" timestamp="8 Nov 2017 08:06:21 GMT" time="0.006" errors="0">
  <testcase name="mul" time="0.006" classname="sample.TestNGClass2"/>
</testsuite> <!-- sample.TestNGClass2 -->
